<?xml version="1.0" encoding="UTF-8"?>
<!-- Generated by org.testng.reporters.JUnitReportReporter -->
<testsuite hostname="DESKTOP-MS6U17S" failures="0" tests="1" name="testcases.LoginTest" time="175.192" errors="0" timestamp="2022-03-13T09:31:34 IST" skipped="0">
  <testcase classname="testcases.LoginTest" name="LoginFailiureTest" time="175.192"/>
  <system-out/>
</testsuite> <!-- testcases.LoginTest -->
