<?xml version="1.0" encoding="UTF-8"?>
<!-- Generated by org.testng.reporters.JUnitReportReporter -->
<testsuite skipped="0" hostname="DESKTOP-MS6U17S" name="testcases.LoginTest" tests="4" failures="0" timestamp="2022-03-19T10:25:57 IST" time="180.427" errors="0">
  <testcase name="LoginFailiureTest" time="32.793" classname="testcases.LoginTest"/>
  <system-out/>
  <testcase name="ParameterizedTest" time="36.952" classname="testcases.LoginTest"/>
  <system-out/>
  <testcase name="ExternalDataTest" time="83.432" classname="testcases.LoginTest"/>
  <system-out/>
  <testcase name="LoginSuccessTest" time="27.250" classname="testcases.LoginTest"/>
  <system-out/>
</testsuite> <!-- testcases.LoginTest -->
